#
# A fatal error has been detected by the Java Runtime Environment:
#
#  EXCEPTION_ACCESS_VIOLATION (0xc0000005) at pc=0x14255ad0, pid=3980, tid=0x000011e4
#
# JRE version: Java(TM) SE Runtime Environment (8.0_161-b12) (build 1.8.0_161-b12)
# Java VM: Java HotSpot(TM) Client VM (25.161-b12 mixed mode, sharing windows-x86 )
# Problematic frame:
# C  0x14255ad0
#
# Failed to write core dump. Minidumps are not enabled by default on client versions of Windows
#
# If you would like to submit a bug report, please visit:
#   http://bugreport.java.com/bugreport/crash.jsp
#

---------------  T H R E A D  ---------------

Current thread (0x00597c00):  JavaThread "Thread-2" [_thread_in_Java, id=4580, stack(0x198a0000,0x198f0000)]

siginfo: ExceptionCode=0xc0000005, ExceptionInformation=0x00000008 0x14255ad0

Registers:
EAX=0x14b01140, EBX=0x14b00b50, ECX=0x03c1f030, EDX=0x90000002
ESP=0x198ef24c, EBP=0x198ef278, ESI=0x198ef250, EDI=0x198ef28c
EIP=0x14255ad0, EFLAGS=0x00010246

Top of Stack: (sp=0x198ef24c)
0x198ef24c:   01ba4864 00000001 03c1f030 198ef258
0x198ef25c:   1424e00c 198ef28c 142507d8 00000000
0x198ef26c:   1424e020 198ef250 198ef284 198ef2b8
0x198ef27c:   01ba4864 03c1f6d8 00000050 03c1e9c8
0x198ef28c:   03c1efe0 00000005 03c1efe0 198ef290
0x198ef29c:   1424e2f2 198ef2c4 142507d8 00000000
0x198ef2ac:   1424e340 198ef284 198ef2c4 198ef2e8
0x198ef2bc:   01ba4864 00000000 03c1efe0 198ef2c8 

Instructions: (pc=0x14255ad0)
0x14255ab0:   00 00 00 00 00 00 00 00 11 00 00 00 01 00 00 00
0x14255ac0:   00 00 00 00 00 00 00 00 11 00 00 00 01 00 00 00
0x14255ad0:   00 00 00 00 00 00 00 00 09 00 00 00 01 00 00 00
0x14255ae0:   00 00 00 00 00 00 00 00 11 00 00 00 01 00 00 00 


Register to memory mapping:

EAX=0x14b01140 is pointing into metadata
EBX=0x14b00b50 is pointing into metadata
ECX=
[error occurred during error reporting (printing register info), id 0xc0000005]

Stack: [0x198a0000,0x198f0000],  sp=0x198ef24c,  free space=316k
Native frames: (J=compiled Java code, j=interpreted, Vv=VM code, C=native code)
C  0x14255ad0
j  sun.net.www.http.HttpClient.openServer()V+114
j  sun.net.www.http.HttpClient.<init>(Ljava/net/URL;Ljava/net/Proxy;I)V+125
j  sun.net.www.http.HttpClient.New(Ljava/net/URL;Ljava/net/Proxy;IZLsun/net/www/protocol/http/HttpURLConnection;)Lsun/net/www/http/HttpClient;+259
j  sun.net.www.http.HttpClient.New(Ljava/net/URL;Ljava/net/Proxy;ILsun/net/www/protocol/http/HttpURLConnection;)Lsun/net/www/http/HttpClient;+5
j  sun.net.www.protocol.http.HttpURLConnection.getNewHttpClient(Ljava/net/URL;Ljava/net/Proxy;I)Lsun/net/www/http/HttpClient;+4
j  sun.net.www.protocol.http.HttpURLConnection.plainConnect0()V+357
j  sun.net.www.protocol.http.HttpURLConnection.plainConnect()V+71
j  sun.net.www.protocol.http.HttpURLConnection.connect()V+20
j  sun.net.www.protocol.http.HttpURLConnection.followRedirect0(Ljava/lang/String;ILjava/net/URL;)Z+286
j  sun.net.www.protocol.http.HttpURLConnection.followRedirect()Z+170
j  sun.net.www.protocol.http.HttpURLConnection.getInputStream0()Ljava/io/InputStream;+1421
j  sun.net.www.protocol.http.HttpURLConnection.getInputStream()Ljava/io/InputStream;+52
j  WebCitacNit$NitKojaUƒçitava.run()V+57
v  ~StubRoutines::call_stub
V  [jvm.dll+0x15b6d5]
V  [jvm.dll+0x22229e]
V  [jvm.dll+0x15b76e]
V  [jvm.dll+0x15b8f6]
V  [jvm.dll+0x15b967]
V  [jvm.dll+0xff8af]
V  [jvm.dll+0x17e810]
V  [jvm.dll+0x17f08a]
V  [jvm.dll+0x1c3be6]
C  [msvcr100.dll+0x10fac]
C  [msvcr100.dll+0x110b1]
C  [kernel32.dll+0x4efac]
C  [ntdll.dll+0x63628]
C  [ntdll.dll+0x635fb]
C  0x00000000


---------------  P R O C E S S  ---------------

Java Threads: ( => current thread )
=>0x00597c00 JavaThread "Thread-2" [_thread_in_Java, id=4580, stack(0x198a0000,0x198f0000)]
  0x1529f000 JavaThread "TimerQueue" daemon [_thread_blocked, id=3536, stack(0x184f0000,0x18540000)]
  0x15274c00 JavaThread "D3D Screen Updater" daemon [_thread_blocked, id=5548, stack(0x19490000,0x194e0000)]
  0x004bd800 JavaThread "DestroyJavaVM" [_thread_blocked, id=3036, stack(0x01800000,0x01850000)]
  0x15223000 JavaThread "AWT-EventQueue-0" [_thread_blocked, id=5444, stack(0x18350000,0x183a0000)]
  0x151f1400 JavaThread "AWT-Windows" daemon [_thread_in_native, id=3704, stack(0x15310000,0x15360000)]
  0x151f0800 JavaThread "AWT-Shutdown" [_thread_blocked, id=6124, stack(0x15740000,0x15790000)]
  0x151ee000 JavaThread "Java2D Disposer" daemon [_thread_blocked, id=4592, stack(0x15650000,0x156a0000)]
  0x0058cc00 JavaThread "Service Thread" daemon [_thread_blocked, id=236, stack(0x14e50000,0x14ea0000)]
  0x0056dc00 JavaThread "C1 CompilerThread0" daemon [_thread_blocked, id=5056, stack(0x14db0000,0x14e00000)]
  0x00568800 JavaThread "Attach Listener" daemon [_thread_blocked, id=1888, stack(0x14f90000,0x14fe0000)]
  0x00559000 JavaThread "Signal Dispatcher" daemon [_thread_blocked, id=5352, stack(0x14ec0000,0x14f10000)]
  0x00557c00 JavaThread "Finalizer" daemon [_thread_blocked, id=3720, stack(0x146c0000,0x14710000)]
  0x004fd000 JavaThread "Reference Handler" daemon [_thread_blocked, id=3904, stack(0x14e00000,0x14e50000)]

Other Threads:
  0x004fac00 VMThread [stack: 0x14660000,0x146b0000] [id=5672]
  0x0059e800 WatcherThread [stack: 0x150c0000,0x15110000] [id=2160]

VM state:not at safepoint (normal execution)

VM Mutex/Monitor currently owned by a thread: None

Heap:
 def new generation   total 4928K, used 723K [0x03c00000, 0x04150000, 0x09150000)
  eden space 4416K,   4% used [0x03c00000, 0x03c34f30, 0x04050000)
  from space 512K, 100% used [0x040d0000, 0x04150000, 0x04150000)
  to   space 512K,   0% used [0x04050000, 0x04050000, 0x040d0000)
 tenured generation   total 10944K, used 920K [0x09150000, 0x09c00000, 0x13c00000)
   the space 10944K,   8% used [0x09150000, 0x092360e0, 0x09236200, 0x09c00000)
 Metaspace       used 717K, capacity 2513K, committed 2624K, reserved 4480K

Card table byte_map: [0x01750000,0x017e0000] byte_map_base: 0x01732000

Polling page: 0x00460000

CodeCache: size=32768Kb used=912Kb max_used=914Kb free=31855Kb
 bounds [0x01ba0000, 0x01c88000, 0x03ba0000]
 total_blobs=429 nmethods=199 adapters=161
 compilation: enabled

Compilation events (10 events):
Event: 7.535 Thread 0x0056dc00  196             sun.util.logging.PlatformLogger::isLoggable (38 bytes)
Event: 7.535 Thread 0x0056dc00 nmethod 196 0x01c83648 code [0x01c83760, 0x01c83894]
Event: 7.634 Thread 0x0056dc00  197             java.util.Properties$LineReader::readLine (468 bytes)
Event: 7.636 Thread 0x0056dc00 nmethod 197 0x01c83948 code [0x01c83ad0, 0x01c842ec]
Event: 7.659 Thread 0x0056dc00  198             java.util.Properties::loadConvert (505 bytes)
Event: 7.660 Thread 0x0056dc00 nmethod 198 0x01c538c8 code [0x01c53a10, 0x01c53e38]
Event: 7.683 Thread 0x0056dc00  199             sun.net.www.ParseUtil::encodePath (336 bytes)
Event: 7.684 Thread 0x0056dc00 nmethod 199 0x01c52a08 code [0x01c52bb0, 0x01c53278]
Event: 7.716 Thread 0x0056dc00  200             java.lang.AbstractStringBuilder::newCapacity (39 bytes)
Event: 7.716 Thread 0x0056dc00 nmethod 200 0x01c52708 code [0x01c52810, 0x01c5294c]

GC Heap History (2 events):
Event: 7.652 GC heap before
{Heap before GC invocations=0 (full 0):
 def new generation   total 4928K, used 4416K [0x03c00000, 0x04150000, 0x09150000)
  eden space 4416K, 100% used [0x03c00000, 0x04050000, 0x04050000)
  from space 512K,   0% used [0x04050000, 0x04050000, 0x040d0000)
  to   space 512K,   0% used [0x040d0000, 0x040d0000, 0x04150000)
 tenured generation   total 10944K, used 0K [0x09150000, 0x09c00000, 0x13c00000)
   the space 10944K,   0% used [0x09150000, 0x09150000, 0x09150200, 0x09c00000)
 Metaspace       used 689K, capacity 2513K, committed 2624K, reserved 4480K
Event: 7.659 GC heap after
Heap after GC invocations=1 (full 0):
 def new generation   total 4928K, used 512K [0x03c00000, 0x04150000, 0x09150000)
  eden space 4416K,   0% used [0x03c00000, 0x03c00000, 0x04050000)
  from space 512K, 100% used [0x040d0000, 0x04150000, 0x04150000)
  to   space 512K,   0% used [0x04050000, 0x04050000, 0x040d0000)
 tenured generation   total 10944K, used 920K [0x09150000, 0x09c00000, 0x13c00000)
   the space 10944K,   8% used [0x09150000, 0x092360e0, 0x09236200, 0x09c00000)
 Metaspace       used 689K, capacity 2513K, committed 2624K, reserved 4480K
}

Deoptimization events (0 events):
No events

Classes redefined (0 events):
No events

Internal exceptions (10 events):
Event: 0.054 Thread 0x004bd800 Exception <a 'java/lang/NoSuchMethodError': Method sun.misc.Unsafe.defineClass(Ljava/lang/String;[BII)Ljava/lang/Class; name or signature does not match> (0x03c079b8) thrown at [C:\re\workspace\8-2-build-windows-i586-cygwin\jdk8u161\10277\hotspot\src\shar
Event: 0.054 Thread 0x004bd800 Exception <a 'java/lang/NoSuchMethodError': Method sun.misc.Unsafe.prefetchRead(Ljava/lang/Object;J)V name or signature does not match> (0x03c07c88) thrown at [C:\re\workspace\8-2-build-windows-i586-cygwin\jdk8u161\10277\hotspot\src\share\vm\prims\jni.cpp
Event: 0.120 Thread 0x004bd800 Exception <a 'java/security/PrivilegedActionException'> (0x03cc7b40) thrown at [C:\re\workspace\8-2-build-windows-i586-cygwin\jdk8u161\10277\hotspot\src\share\vm\prims\jvm.cpp, line 1390]
Event: 0.120 Thread 0x004bd800 Exception <a 'java/security/PrivilegedActionException'> (0x03cc7d40) thrown at [C:\re\workspace\8-2-build-windows-i586-cygwin\jdk8u161\10277\hotspot\src\share\vm\prims\jvm.cpp, line 1390]
Event: 0.121 Thread 0x004bd800 Exception <a 'java/security/PrivilegedActionException'> (0x03ccb5a0) thrown at [C:\re\workspace\8-2-build-windows-i586-cygwin\jdk8u161\10277\hotspot\src\share\vm\prims\jvm.cpp, line 1390]
Event: 0.121 Thread 0x004bd800 Exception <a 'java/security/PrivilegedActionException'> (0x03ccb7a0) thrown at [C:\re\workspace\8-2-build-windows-i586-cygwin\jdk8u161\10277\hotspot\src\share\vm\prims\jvm.cpp, line 1390]
Event: 0.123 Thread 0x004bd800 Exception <a 'java/io/FileNotFoundException'> (0x03ccd5c0) thrown at [C:\re\workspace\8-2-build-windows-i586-cygwin\jdk8u161\10277\hotspot\src\share\vm\prims\jni.cpp, line 709]
Event: 0.154 Thread 0x004bd800 Exception <a 'java/lang/NoSuchFieldError': method resolution failed> (0x03d8be90) thrown at [C:\re\workspace\8-2-build-windows-i586-cygwin\jdk8u161\10277\hotspot\src\share\vm\prims\methodHandles.cpp, line 1167]
Event: 0.156 Thread 0x004bd800 Exception <a 'java/lang/NoSuchFieldError': method resolution failed> (0x03d98080) thrown at [C:\re\workspace\8-2-build-windows-i586-cygwin\jdk8u161\10277\hotspot\src\share\vm\prims\methodHandles.cpp, line 1167]
Event: 0.180 Thread 0x004bd800 Exception <a 'java/io/FileNotFoundException'> (0x03e21de8) thrown at [C:\re\workspace\8-2-build-windows-i586-cygwin\jdk8u161\10277\hotspot\src\share\vm\prims\jni.cpp, line 709]

Events (10 events):
Event: 7.699 loading class sun/net/www/protocol/http/AuthCacheImpl
Event: 7.699 loading class sun/net/www/protocol/http/AuthCache
Event: 7.699 loading class sun/net/www/protocol/http/AuthCache done
Event: 7.699 loading class sun/net/www/protocol/http/AuthCacheImpl done
Event: 7.700 loading class java/net/Socket$2
Event: 7.700 loading class java/net/Socket$2 done
Event: 7.700 loading class java/net/SocketInputStream
Event: 7.700 loading class java/net/SocketInputStream done
Event: 7.715 loading class sun/net/www/MeteredStream
Event: 7.715 loading class sun/net/www/MeteredStream done


Dynamic libraries:
0x00a90000 - 0x00ac3000 	C:\Program Files\Java\jre1.8.0_161\bin\javaw.exe
0x77240000 - 0x77382000 	C:\Windows\SYSTEM32\ntdll.dll
0x75e50000 - 0x75f25000 	C:\Windows\system32\kernel32.dll
0x75300000 - 0x7534b000 	C:\Windows\system32\KERNELBASE.dll
0x76db0000 - 0x76e51000 	C:\Windows\system32\ADVAPI32.dll
0x76bc0000 - 0x76c6c000 	C:\Windows\system32\msvcrt.dll
0x75530000 - 0x75549000 	C:\Windows\SYSTEM32\sechost.dll
0x75590000 - 0x75632000 	C:\Windows\system32\RPCRT4.dll
0x75d80000 - 0x75e49000 	C:\Windows\system32\USER32.dll
0x754e0000 - 0x7552e000 	C:\Windows\system32\GDI32.dll
0x77390000 - 0x7739a000 	C:\Windows\system32\LPK.dll
0x76d10000 - 0x76dad000 	C:\Windows\system32\USP10.dll
0x73f40000 - 0x740de000 	C:\Windows\WinSxS\x86_microsoft.windows.common-controls_6595b64144ccf1df_6.0.7601.18837_none_41e855142bd5705d\COMCTL32.dll
0x773b0000 - 0x77407000 	C:\Windows\system32\SHLWAPI.dll
0x75bf0000 - 0x75c0f000 	C:\Windows\system32\IMM32.DLL
0x75c10000 - 0x75cdd000 	C:\Windows\system32\MSCTF.dll
0x61730000 - 0x617ed000 	C:\Program Files\Java\jre1.8.0_161\bin\msvcr100.dll
0x62d00000 - 0x630d0000 	C:\Program Files\Java\jre1.8.0_161\bin\client\jvm.dll
0x702b0000 - 0x702b7000 	C:\Windows\system32\WSOCK32.dll
0x75f30000 - 0x75f65000 	C:\Windows\system32\WS2_32.dll
0x75550000 - 0x75556000 	C:\Windows\system32\NSI.dll
0x72600000 - 0x72632000 	C:\Windows\system32\WINMM.dll
0x745d0000 - 0x745d9000 	C:\Windows\system32\VERSION.dll
0x75d70000 - 0x75d75000 	C:\Windows\system32\PSAPI.DLL
0x71df0000 - 0x71dfc000 	C:\Program Files\Java\jre1.8.0_161\bin\verify.dll
0x71c60000 - 0x71c82000 	C:\Program Files\Java\jre1.8.0_161\bin\java.dll
0x71ca0000 - 0x71cb4000 	C:\Program Files\Java\jre1.8.0_161\bin\zip.dll
0x75f70000 - 0x76bbc000 	C:\Windows\system32\SHELL32.dll
0x75640000 - 0x7579d000 	C:\Windows\system32\ole32.dll
0x75160000 - 0x7516b000 	C:\Windows\system32\profapi.dll
0x506d0000 - 0x50815000 	C:\Program Files\Java\jre1.8.0_161\bin\awt.dll
0x76c70000 - 0x76d01000 	C:\Windows\system32\OLEAUT32.dll
0x73a80000 - 0x73a93000 	C:\Windows\system32\DWMAPI.DLL
0x5f990000 - 0x5fa58000 	C:\Windows\system32\opengl32.dll
0x72e00000 - 0x72e22000 	C:\Windows\system32\GLU32.dll
0x5a6e0000 - 0x5a7c7000 	C:\Windows\system32\DDRAW.dll
0x72df0000 - 0x72df6000 	C:\Windows\system32\DCIMAN32.dll
0x770a0000 - 0x7723d000 	C:\Windows\system32\SETUPAPI.dll
0x75180000 - 0x751a7000 	C:\Windows\system32\CFGMGR32.dll
0x751c0000 - 0x751d2000 	C:\Windows\system32\DEVOBJ.dll
0x73dc0000 - 0x73e00000 	C:\Windows\system32\uxtheme.dll
0x75070000 - 0x7507c000 	C:\Windows\system32\CRYPTBASE.dll
0x679f0000 - 0x67bb3000 	C:\Windows\system32\d3d9.dll
0x730b0000 - 0x730b6000 	C:\Windows\system32\d3d8thk.dll
0x15980000 - 0x167ce000 	C:\Windows\system32\nvd3dum.dll
0x73310000 - 0x73335000 	C:\Windows\system32\powrprof.dll
0x72ba0000 - 0x72bd9000 	C:\Program Files\Java\jre1.8.0_161\bin\fontmanager.dll
0x71c40000 - 0x71c55000 	C:\Program Files\Java\jre1.8.0_161\bin\net.dll
0x74b40000 - 0x74b7c000 	C:\Windows\system32\mswsock.dll
0x74b30000 - 0x74b36000 	C:\Windows\System32\wship6.dll
0x71e80000 - 0x71e8f000 	C:\Program Files\Java\jre1.8.0_161\bin\nio.dll
0x726d0000 - 0x72702000 	C:\Program Files\Java\jre1.8.0_161\bin\t2k.dll
0x75ce0000 - 0x75d63000 	C:\Windows\system32\CLBCatQ.DLL
0x73910000 - 0x73a41000 	C:\Windows\system32\WindowsCodecs.dll
0x75020000 - 0x7506c000 	C:\Windows\system32\apphelp.dll
0x6ba70000 - 0x6baa1000 	C:\Windows\system32\EhStorShell.dll
0x73e00000 - 0x73ef5000 	C:\Windows\system32\PROPSYS.dll
0x661c0000 - 0x663dd000 	C:\PROGRA~1\MICROS~2\Office12\GR469A~1.DLL
0x68ef0000 - 0x68fe1000 	C:\PROGRA~1\MICROS~2\Office12\GrooveUtil.DLL
0x757a0000 - 0x75a4b000 	C:\Windows\system32\WININET.dll
0x752c0000 - 0x752c4000 	C:\Windows\system32\api-ms-win-downlevel-user32-l1-1-0.dll
0x751b0000 - 0x751b4000 	C:\Windows\system32\api-ms-win-downlevel-shlwapi-l1-1-0.dll
0x752a0000 - 0x752a4000 	C:\Windows\system32\api-ms-win-downlevel-version-l1-1-0.dll
0x752b0000 - 0x752b3000 	C:\Windows\system32\api-ms-win-downlevel-normaliz-l1-1-0.dll
0x773a0000 - 0x773a3000 	C:\Windows\system32\normaliz.DLL
0x76e60000 - 0x77096000 	C:\Windows\system32\iertutil.dll
0x752d0000 - 0x752d5000 	C:\Windows\system32\api-ms-win-downlevel-advapi32-l1-1-0.dll
0x752e0000 - 0x752f7000 	C:\Windows\system32\USERENV.dll
0x75350000 - 0x75472000 	C:\Windows\system32\CRYPT32.dll
0x75150000 - 0x7515c000 	C:\Windows\system32\MSASN1.dll
0x6cb60000 - 0x6cbfb000 	C:\Windows\WinSxS\x86_microsoft.vc80.crt_1fc8b3b9a1e18e3b_8.0.50727.4940_none_d08cc06a442b34fc\MSVCR80.dll
0x68ff0000 - 0x68ff7000 	C:\PROGRA~1\MICROS~2\Office12\GrooveNew.DLL
0x6bad0000 - 0x6baeb000 	C:\Windows\WinSxS\x86_microsoft.vc80.atl_1fc8b3b9a1e18e3b_8.0.50727.4053_none_d1c738ec43578ea1\ATL80.DLL
0x74b80000 - 0x74b97000 	C:\Windows\system32\CRYPTSP.dll
0x74910000 - 0x7494b000 	C:\Windows\system32\rsaenh.dll
0x720d0000 - 0x720d5000 	C:\Windows\system32\MSImg32.dll
0x6ba00000 - 0x6ba6a000 	C:\Windows\System32\cscui.dll
0x6c260000 - 0x6c269000 	C:\Windows\System32\CSCDLL.dll
0x6d030000 - 0x6d03b000 	C:\Windows\system32\CSCAPI.dll
0x6baf0000 - 0x6bb60000 	C:\Windows\system32\ntshrui.dll
0x74e30000 - 0x74e49000 	C:\Windows\system32\srvcli.dll
0x723a0000 - 0x723aa000 	C:\Windows\system32\slc.dll
0x74660000 - 0x74665000 	C:\Windows\System32\wshtcpip.dll
0x74a00000 - 0x74a44000 	C:\Windows\system32\DNSAPI.dll
0x72130000 - 0x7214c000 	C:\Windows\system32\IPHLPAPI.DLL
0x72110000 - 0x72117000 	C:\Windows\system32\WINNSI.DLL
0x6d530000 - 0x6d536000 	C:\Windows\system32\rasadhlp.dll
0x71890000 - 0x718c8000 	C:\Windows\System32\fwpuclnt.dll
0x6c0d0000 - 0x6c1bb000 	C:\Windows\system32\dbghelp.dll

VM Arguments:
jvm_args: -Dfile.encoding=Cp1250 
java_command: WebCitacNit
java_class_path (initial): C:\Program Files\Java\jre1.8.0_161\lib\resources.jar;C:\Program Files\Java\jre1.8.0_161\lib\rt.jar;C:\Program Files\Java\jre1.8.0_161\lib\jsse.jar;C:\Program Files\Java\jre1.8.0_161\lib\jce.jar;C:\Program Files\Java\jre1.8.0_161\lib\charsets.jar;C:\Program Files\Java\jre1.8.0_161\lib\jfr.jar;C:\Program Files\Java\jre1.8.0_161\lib\ext\access-bridge.jar;C:\Program Files\Java\jre1.8.0_161\lib\ext\cldrdata.jar;C:\Program Files\Java\jre1.8.0_161\lib\ext\dnsns.jar;C:\Program Files\Java\jre1.8.0_161\lib\ext\jaccess.jar;C:\Program Files\Java\jre1.8.0_161\lib\ext\jfxrt.jar;C:\Program Files\Java\jre1.8.0_161\lib\ext\localedata.jar;C:\Program Files\Java\jre1.8.0_161\lib\ext\nashorn.jar;C:\Program Files\Java\jre1.8.0_161\lib\ext\sunec.jar;C:\Program Files\Java\jre1.8.0_161\lib\ext\sunjce_provider.jar;C:\Program Files\Java\jre1.8.0_161\lib\ext\sunmscapi.jar;C:\Program Files\Java\jre1.8.0_161\lib\ext\sunpkcs11.jar;C:\Program Files\Java\jre1.8.0_161\lib\ext\zipfs.jar;C:\Users\Marko\Desktop\Preuzimanja\eclipse-jee-oxygen-2-win32\eclipse\eclipse source\Web»itaËNit\bin
Launcher Type: SUN_STANDARD

Environment Variables:
PATH=C:/Program Files/Java/jre1.8.0_161/bin/client;C:/Program Files/Java/jre1.8.0_161/bin;C:/Program Files/Java/jre1.8.0_161/lib/i386;C:\ProgramData\Oracle\Java\javapath;C:\Program Files\PC Connectivity Solution\;C:\Windows\system32;C:\Windows;C:\Windows\System32\Wbem;C:\Windows\System32\WindowsPowerShell\v1.0\;C:\Program Files\Java\jdk1.8.0_161\bin;C:\Users\Marko\Desktop\Preuzimanja\eclipse-jee-oxygen-2-win32\eclipse;
USERNAME=Marko
OS=Windows_NT
PROCESSOR_IDENTIFIER=x86 Family 16 Model 4 Stepping 2, AuthenticAMD



---------------  S Y S T E M  ---------------

OS: Windows 7 Build 7601 (6.1.7601.24117)

CPU:total 3 (initial active 3) (3 cores per cpu, 1 threads per core) family 16 model 4 stepping 2, cmov, cx8, fxsr, mmx, sse, sse2, sse3, popcnt, mmxext, 3dnowpref, lzcnt, sse4a, tsc, tscinvbit, tscinv

Memory: 4k page, physical 3275256k(877108k free), swap 6548824k(3778864k free)

vm_info: Java HotSpot(TM) Client VM (25.161-b12) for windows-x86 JRE (1.8.0_161-b12), built on Dec 19 2017 17:09:29 by "java_re" with MS VC++ 10.0 (VS2010)

time: Wed May 16 23:29:58 2018
elapsed time: 7 seconds (0d 0h 0m 7s)

